1496996577602	geckodriver	INFO	Listening on 127.0.0.1:52783
1496996578268	mozprofile::profile	INFO	Using profile path C:\Users\N068A~1.CHA\AppData\Local\Temp\rust_mozprofile.yJPb7XuPNrDz
1496996578280	geckodriver::marionette	INFO	Starting browser C:\Program Files\Mozilla Firefox\firefox.exe with args []
1496996578311	geckodriver::marionette	INFO	Connecting to Marionette on localhost:52787
1496996581138	Marionette	INFO	Listening on port 52787
JavaScript warning: https://cab-test4.skyway.capital/, line 1194: SyntaxError: 09 is not a legal ECMA-262 octal constant
JavaScript warning: https://cab-test4.skyway.capital/, line 1194: SyntaxError: 08 is not a legal ECMA-262 octal constant
JavaScript warning: https://cab-test4.skyway.capital/, line 1194: SyntaxError: 09 is not a legal ECMA-262 octal constant
JavaScript warning: https://cab-test4.skyway.capital/, line 1194: SyntaxError: 09 is not a legal ECMA-262 octal constant
JavaScript warning: https://cab-test4.skyway.capital/, line 1194: SyntaxError: 08 is not a legal ECMA-262 octal constant
JavaScript warning: https://cab-test4.skyway.capital/, line 1194: SyntaxError: 09 is not a legal ECMA-262 octal constant
[Child 5820] WARNING: pipe error: 232: file c:/builds/moz2_slave/m-rel-w64-00000000000000000000/build/src/ipc/chromium/src/chrome/common/ipc_channel_win.cc, line 513
[Child 5820] ###!!! ABORT: Aborting on channel error.: file c:/builds/moz2_slave/m-rel-w64-00000000000000000000/build/src/ipc/glue/MessageChannel.cpp, line 2056
1496996679617	geckodriver	INFO	Listening on 127.0.0.1:52854
1496996680175	mozprofile::profile	INFO	Using profile path C:\Users\N068A~1.CHA\AppData\Local\Temp\rust_mozprofile.EpVBZbA3A3oa
1496996680185	geckodriver::marionette	INFO	Starting browser C:\Program Files\Mozilla Firefox\firefox.exe with args []
1496996680195	geckodriver::marionette	INFO	Connecting to Marionette on localhost:52858
1496996681803	Marionette	INFO	Listening on port 52858
JavaScript warning: https://cab-test4.skyway.capital/, line 1194: SyntaxError: 09 is not a legal ECMA-262 octal constant
JavaScript warning: https://cab-test4.skyway.capital/, line 1194: SyntaxError: 08 is not a legal ECMA-262 octal constant
JavaScript warning: https://cab-test4.skyway.capital/, line 1194: SyntaxError: 09 is not a legal ECMA-262 octal constant
JavaScript warning: https://cab-test4.skyway.capital/, line 1194: SyntaxError: 08 is not a legal ECMA-262 octal constant
[Child 9164] ###!!! ABORT: Aborting on channel error.: file c:/builds/moz2_slave/m-rel-w64-00000000000000000000/build/src/ipc/glue/MessageChannel.cpp, line 2056
1496997065125	geckodriver	INFO	Listening on 127.0.0.1:53220
1496997065679	mozprofile::profile	INFO	Using profile path C:\Users\N068A~1.CHA\AppData\Local\Temp\rust_mozprofile.JlowlDYmgwju
1496997065697	geckodriver::marionette	INFO	Starting browser C:\Program Files\Mozilla Firefox\firefox.exe with args []
1496997065711	geckodriver::marionette	INFO	Connecting to Marionette on localhost:53226
1496997067225	Marionette	INFO	Listening on port 53226
JavaScript warning: https://cab-test4.skyway.capital/, line 1194: SyntaxError: 09 is not a legal ECMA-262 octal constant
JavaScript warning: https://cab-test4.skyway.capital/, line 1194: SyntaxError: 08 is not a legal ECMA-262 octal constant
JavaScript warning: https://cab-test4.skyway.capital/, line 1194: SyntaxError: 09 is not a legal ECMA-262 octal constant
JavaScript warning: https://cab-test4.skyway.capital/, line 1194: SyntaxError: 08 is not a legal ECMA-262 octal constant
[Child 4256] WARNING: pipe error: 232: file c:/builds/moz2_slave/m-rel-w64-00000000000000000000/build/src/ipc/chromium/src/chrome/common/ipc_channel_win.cc, line 513
[Child 4256] ###!!! ABORT: Aborting on channel error.: file c:/builds/moz2_slave/m-rel-w64-00000000000000000000/build/src/ipc/glue/MessageChannel.cpp, line 2056
1496997218657	geckodriver	INFO	Listening on 127.0.0.1:53567
1496997219186	mozprofile::profile	INFO	Using profile path C:\Users\N068A~1.CHA\AppData\Local\Temp\rust_mozprofile.BC505SAS5I4B
1496997219197	geckodriver::marionette	INFO	Starting browser C:\Program Files\Mozilla Firefox\firefox.exe with args []
1496997219207	geckodriver::marionette	INFO	Connecting to Marionette on localhost:53571
1496997220647	Marionette	INFO	Listening on port 53571
JavaScript warning: https://cab-test4.skyway.capital/, line 1194: SyntaxError: 09 is not a legal ECMA-262 octal constant
JavaScript warning: https://cab-test4.skyway.capital/, line 1194: SyntaxError: 08 is not a legal ECMA-262 octal constant
JavaScript warning: https://cab-test4.skyway.capital/, line 1194: SyntaxError: 09 is not a legal ECMA-262 octal constant
JavaScript warning: https://cab-test4.skyway.capital/, line 1194: SyntaxError: 08 is not a legal ECMA-262 octal constant
[Child 9100] ###!!! ABORT: Aborting on channel error.: file c:/builds/moz2_slave/m-rel-w64-00000000000000000000/build/src/ipc/glue/MessageChannel.cpp, line 2056
1497014079049	geckodriver	INFO	Listening on 127.0.0.1:57433
1497014079505	mozprofile::profile	INFO	Using profile path C:\Users\N068A~1.CHA\AppData\Local\Temp\rust_mozprofile.Ks2mvp5vEziG
1497014079520	geckodriver::marionette	INFO	Starting browser C:\Program Files\Mozilla Firefox\firefox.exe with args []
1497014079542	geckodriver::marionette	INFO	Connecting to Marionette on localhost:57437
1497014081724	Marionette	INFO	Listening on port 57437
JavaScript warning: https://cab-test4.skyway.capital/, line 1189: SyntaxError: 09 is not a legal ECMA-262 octal constant
[Child 8164] ###!!! ABORT: Aborting on channel error.: file c:/builds/moz2_slave/m-rel-w64-00000000000000000000/build/src/ipc/glue/MessageChannel.cpp, line 2056
1497014172204	geckodriver	INFO	Listening on 127.0.0.1:57514
1497014172741	mozprofile::profile	INFO	Using profile path C:\Users\N068A~1.CHA\AppData\Local\Temp\rust_mozprofile.lSSRusxSgGlN
1497014172751	geckodriver::marionette	INFO	Starting browser C:\Program Files\Mozilla Firefox\firefox.exe with args []
1497014172764	geckodriver::marionette	INFO	Connecting to Marionette on localhost:57518
1497014174674	Marionette	INFO	Listening on port 57518
JavaScript warning: https://cab-test4.skyway.capital/, line 1189: SyntaxError: 09 is not a legal ECMA-262 octal constant
JavaScript warning: https://cab-test4.skyway.capital/, line 1189: SyntaxError: 09 is not a legal ECMA-262 octal constant
JavaScript warning: https://cab-test4.skyway.capital/investment/programs?packet=390, line 3042: SyntaxError: 09 is not a legal ECMA-262 octal constant
JavaScript warning: https://cab-test4.skyway.capital/investment/programs?packet=390, line 3042: SyntaxError: 09 is not a legal ECMA-262 octal constant
[Child 3856] ###!!! ABORT: Aborting on channel error.: file c:/builds/moz2_slave/m-rel-w64-00000000000000000000/build/src/ipc/glue/MessageChannel.cpp, line 2056
1497014281020	geckodriver	INFO	Listening on 127.0.0.1:57601
1497014281567	mozprofile::profile	INFO	Using profile path C:\Users\N068A~1.CHA\AppData\Local\Temp\rust_mozprofile.qWvV3iZkegm2
1497014281578	geckodriver::marionette	INFO	Starting browser C:\Program Files\Mozilla Firefox\firefox.exe with args []
1497014281589	geckodriver::marionette	INFO	Connecting to Marionette on localhost:57605
1497014283592	Marionette	INFO	Listening on port 57605
JavaScript warning: https://cab-test4.skyway.capital/, line 1189: SyntaxError: 09 is not a legal ECMA-262 octal constant
JavaScript warning: https://cab-test4.skyway.capital/, line 1189: SyntaxError: 09 is not a legal ECMA-262 octal constant
JavaScript warning: https://cab-test4.skyway.capital/investment/programs?packet=390, line 3042: SyntaxError: 09 is not a legal ECMA-262 octal constant
JavaScript warning: https://cab-test4.skyway.capital/investment/programs?packet=390, line 3042: SyntaxError: 09 is not a legal ECMA-262 octal constant
JavaScript warning: https://cab-test4.skyway.capital/investment/pay-check, line 694: SyntaxError: 09 is not a legal ECMA-262 octal constant
[Child 9828] ###!!! ABORT: Aborting on channel error.: file c:/builds/moz2_slave/m-rel-w64-00000000000000000000/build/src/ipc/glue/MessageChannel.cpp, line 2056
1497014326006	geckodriver	INFO	Listening on 127.0.0.1:57702
1497014326546	mozprofile::profile	INFO	Using profile path C:\Users\N068A~1.CHA\AppData\Local\Temp\rust_mozprofile.ewF570ckiG5z
1497014326556	geckodriver::marionette	INFO	Starting browser C:\Program Files\Mozilla Firefox\firefox.exe with args []
1497014326566	geckodriver::marionette	INFO	Connecting to Marionette on localhost:57706
1497014327828	Marionette	INFO	Listening on port 57706
JavaScript warning: https://cab-test4.skyway.capital/, line 1189: SyntaxError: 09 is not a legal ECMA-262 octal constant
JavaScript warning: https://cab-test4.skyway.capital/, line 1189: SyntaxError: 09 is not a legal ECMA-262 octal constant
JavaScript warning: https://cab-test4.skyway.capital/investment/programs?packet=390, line 3042: SyntaxError: 09 is not a legal ECMA-262 octal constant
JavaScript warning: https://cab-test4.skyway.capital/investment/programs?packet=390, line 3042: SyntaxError: 09 is not a legal ECMA-262 octal constant
JavaScript warning: https://cab-test4.skyway.capital/investment/pay-check, line 694: SyntaxError: 09 is not a legal ECMA-262 octal constant
JavaScript warning: https://cab-test4.skyway.capital/investment/pay-check, line 694: SyntaxError: 09 is not a legal ECMA-262 octal constant
JavaScript error: https://cab-test4.skyway.capital/investment/pay-check, line 584: TypeError: e.run is not a function
JavaScript warning: https://cab-test4.skyway.capital/investment/requirement-sign?id=86588, line 683: SyntaxError: 09 is not a legal ECMA-262 octal constant
[Child 1276] ###!!! ABORT: Aborting on channel error.: file c:/builds/moz2_slave/m-rel-w64-00000000000000000000/build/src/ipc/glue/MessageChannel.cpp, line 2056
1497014383069	geckodriver	INFO	Listening on 127.0.0.1:57806
1497014383599	mozprofile::profile	INFO	Using profile path C:\Users\N068A~1.CHA\AppData\Local\Temp\rust_mozprofile.yyWyUyb4vuhq
1497014383608	geckodriver::marionette	INFO	Starting browser C:\Program Files\Mozilla Firefox\firefox.exe with args []
1497014383618	geckodriver::marionette	INFO	Connecting to Marionette on localhost:57810
1497014384958	Marionette	INFO	Listening on port 57810
JavaScript warning: https://cab-test4.skyway.capital/investment/requirement-sign?id=86588, line 683: SyntaxError: 09 is not a legal ECMA-262 octal constant
JavaScript warning: https://cab-test4.skyway.capital/investment/requirement-sign?id=86588, line 683: SyntaxError: 09 is not a legal ECMA-262 octal constant
[Child 10012] WARNING: pipe error: 232: file c:/builds/moz2_slave/m-rel-w64-00000000000000000000/build/src/ipc/chromium/src/chrome/common/ipc_channel_win.cc, line 513
[Child 10012] ###!!! ABORT: Aborting on channel error.: file c:/builds/moz2_slave/m-rel-w64-00000000000000000000/build/src/ipc/glue/MessageChannel.cpp, line 2056
1497014473526	geckodriver	INFO	Listening on 127.0.0.1:57914
1497014474086	mozprofile::profile	INFO	Using profile path C:\Users\N068A~1.CHA\AppData\Local\Temp\rust_mozprofile.ZDmGpYlRVZjV
1497014474142	geckodriver::marionette	INFO	Starting browser C:\Program Files\Mozilla Firefox\firefox.exe with args []
1497014474151	geckodriver::marionette	INFO	Connecting to Marionette on localhost:57919
1497014475672	Marionette	INFO	Listening on port 57919
JavaScript warning: https://cab-test4.skyway.capital/, line 1189: SyntaxError: 09 is not a legal ECMA-262 octal constant
JavaScript warning: https://cab-test4.skyway.capital/, line 1189: SyntaxError: 09 is not a legal ECMA-262 octal constant
JavaScript warning: https://cab-test4.skyway.capital/investment/programs?packet=390, line 3042: SyntaxError: 09 is not a legal ECMA-262 octal constant
JavaScript warning: https://cab-test4.skyway.capital/investment/programs?packet=390, line 3042: SyntaxError: 09 is not a legal ECMA-262 octal constant
JavaScript warning: https://cab-test4.skyway.capital/investment/pay-check, line 694: SyntaxError: 09 is not a legal ECMA-262 octal constant
JavaScript warning: https://cab-test4.skyway.capital/investment/pay-check, line 694: SyntaxError: 09 is not a legal ECMA-262 octal constant
JavaScript error: https://cab-test4.skyway.capital/investment/pay-check, line 584: TypeError: e.run is not a function
JavaScript warning: https://cab-test4.skyway.capital/investment/requirement-sign?id=86589, line 683: SyntaxError: 09 is not a legal ECMA-262 octal constant
JavaScript warning: https://cab-test4.skyway.capital/investment/requirement-sign?id=86589, line 683: SyntaxError: 09 is not a legal ECMA-262 octal constant
JavaScript warning: https://cab-test4.skyway.capital/investment/portfolio, line 2174: SyntaxError: 09 is not a legal ECMA-262 octal constant
[Child 10760] ###!!! ABORT: Aborting on channel error.: file c:/builds/moz2_slave/m-rel-w64-00000000000000000000/build/src/ipc/glue/MessageChannel.cpp, line 2056
1497016802892	geckodriver	INFO	Listening on 127.0.0.1:58643
1497016803433	mozprofile::profile	INFO	Using profile path C:\Users\N068A~1.CHA\AppData\Local\Temp\rust_mozprofile.efilyis9Uz1j
1497016803446	geckodriver::marionette	INFO	Starting browser C:\Program Files\Mozilla Firefox\firefox.exe with args []
1497016803458	geckodriver::marionette	INFO	Connecting to Marionette on localhost:58647
1497016804939	Marionette	INFO	Listening on port 58647
JavaScript warning: https://cab-test4.skyway.capital/, line 1189: SyntaxError: 09 is not a legal ECMA-262 octal constant
JavaScript warning: https://cab-test4.skyway.capital/, line 1189: SyntaxError: 09 is not a legal ECMA-262 octal constant
JavaScript warning: https://cab-test4.skyway.capital/investment/programs?packet=390, line 3042: SyntaxError: 09 is not a legal ECMA-262 octal constant
JavaScript warning: https://cab-test4.skyway.capital/investment/programs?packet=390, line 3042: SyntaxError: 09 is not a legal ECMA-262 octal constant
[Child 7708] ###!!! ABORT: Aborting on channel error.: file c:/builds/moz2_slave/m-rel-w64-00000000000000000000/build/src/ipc/glue/MessageChannel.cpp, line 2056
1497016865495	geckodriver	INFO	Listening on 127.0.0.1:58729
1497016866025	mozprofile::profile	INFO	Using profile path C:\Users\N068A~1.CHA\AppData\Local\Temp\rust_mozprofile.LYGcPKze6jIv
1497016866034	geckodriver::marionette	INFO	Starting browser C:\Program Files\Mozilla Firefox\firefox.exe with args []
1497016866043	geckodriver::marionette	INFO	Connecting to Marionette on localhost:58733
1497016868234	Marionette	INFO	Listening on port 58733
JavaScript warning: https://cab-test4.skyway.capital/, line 1189: SyntaxError: 09 is not a legal ECMA-262 octal constant
JavaScript warning: https://cab-test4.skyway.capital/, line 1189: SyntaxError: 09 is not a legal ECMA-262 octal constant
JavaScript warning: https://cab-test4.skyway.capital/investment/programs?packet=390, line 3042: SyntaxError: 09 is not a legal ECMA-262 octal constant
JavaScript warning: https://cab-test4.skyway.capital/investment/programs?packet=390, line 3042: SyntaxError: 09 is not a legal ECMA-262 octal constant
JavaScript warning: https://cab-test4.skyway.capital/investment/pay-check, line 694: SyntaxError: 09 is not a legal ECMA-262 octal constant
JavaScript warning: https://cab-test4.skyway.capital/investment/pay-check, line 694: SyntaxError: 09 is not a legal ECMA-262 octal constant
JavaScript error: https://cab-test4.skyway.capital/investment/pay-check, line 584: TypeError: e.run is not a function
JavaScript warning: https://cab-test4.skyway.capital/investment/requirement-sign?id=86591, line 683: SyntaxError: 09 is not a legal ECMA-262 octal constant
JavaScript warning: https://cab-test4.skyway.capital/investment/requirement-sign?id=86591, line 683: SyntaxError: 09 is not a legal ECMA-262 octal constant
JavaScript warning: https://cab-test4.skyway.capital/investment/portfolio, line 2238: SyntaxError: 09 is not a legal ECMA-262 octal constant
JavaScript warning: https://cab-test4.skyway.capital/investment/portfolio, line 2238: SyntaxError: 09 is not a legal ECMA-262 octal constant
[Child 5404] WARNING: pipe error: 232: file c:/builds/moz2_slave/m-rel-w64-00000000000000000000/build/src/ipc/chromium/src/chrome/common/ipc_channel_win.cc, line 513
[Child 5404] ###!!! ABORT: Aborting on channel error.: file c:/builds/moz2_slave/m-rel-w64-00000000000000000000/build/src/ipc/glue/MessageChannel.cpp, line 2056
1497017070571	geckodriver	INFO	Listening on 127.0.0.1:58891
1497017071086	mozprofile::profile	INFO	Using profile path C:\Users\N068A~1.CHA\AppData\Local\Temp\rust_mozprofile.R1E2qYFqkkMF
1497017071110	geckodriver::marionette	INFO	Starting browser C:\Program Files\Mozilla Firefox\firefox.exe with args []
1497017071124	geckodriver::marionette	INFO	Connecting to Marionette on localhost:58895
1497017073215	Marionette	INFO	Listening on port 58895
JavaScript warning: https://cab-test4.skyway.capital/, line 1189: SyntaxError: 09 is not a legal ECMA-262 octal constant
JavaScript warning: https://cab-test4.skyway.capital/, line 1189: SyntaxError: 09 is not a legal ECMA-262 octal constant
JavaScript warning: https://cab-test4.skyway.capital/investment/programs?packet=390, line 3042: SyntaxError: 09 is not a legal ECMA-262 octal constant
JavaScript warning: https://cab-test4.skyway.capital/investment/programs?packet=390, line 3042: SyntaxError: 09 is not a legal ECMA-262 octal constant
JavaScript warning: https://cab-test4.skyway.capital/investment/pay-check, line 694: SyntaxError: 09 is not a legal ECMA-262 octal constant
JavaScript warning: https://cab-test4.skyway.capital/investment/pay-check, line 694: SyntaxError: 09 is not a legal ECMA-262 octal constant
JavaScript error: https://cab-test4.skyway.capital/investment/pay-check, line 584: TypeError: e.run is not a function
JavaScript warning: https://cab-test4.skyway.capital/investment/requirement-sign?id=86592, line 683: SyntaxError: 09 is not a legal ECMA-262 octal constant
JavaScript warning: https://cab-test4.skyway.capital/investment/requirement-sign?id=86592, line 683: SyntaxError: 09 is not a legal ECMA-262 octal constant
JavaScript warning: https://cab-test4.skyway.capital/investment/portfolio, line 2270: SyntaxError: 09 is not a legal ECMA-262 octal constant
JavaScript warning: https://cab-test4.skyway.capital/investment/portfolio, line 2270: SyntaxError: 09 is not a legal ECMA-262 octal constant
[Child 208] WARNING: pipe error: 232: file c:/builds/moz2_slave/m-rel-w64-00000000000000000000/build/src/ipc/chromium/src/chrome/common/ipc_channel_win.cc, line 513
[Child 208] ###!!! ABORT: Aborting on channel error.: file c:/builds/moz2_slave/m-rel-w64-00000000000000000000/build/src/ipc/glue/MessageChannel.cpp, line 2056
1497017630659	geckodriver	INFO	Listening on 127.0.0.1:59256
1497017631195	mozprofile::profile	INFO	Using profile path C:\Users\N068A~1.CHA\AppData\Local\Temp\rust_mozprofile.IaO03Re04tgG
1497017631217	geckodriver::marionette	INFO	Starting browser C:\Program Files\Mozilla Firefox\firefox.exe with args []
1497017631231	geckodriver::marionette	INFO	Connecting to Marionette on localhost:59260
1497017632860	Marionette	INFO	Listening on port 59260
JavaScript warning: https://cab-test4.skyway.capital/, line 1189: SyntaxError: 09 is not a legal ECMA-262 octal constant
JavaScript warning: https://cab-test4.skyway.capital/, line 1189: SyntaxError: 09 is not a legal ECMA-262 octal constant
JavaScript warning: https://cab-test4.skyway.capital/investment/programs?packet=390, line 3042: SyntaxError: 09 is not a legal ECMA-262 octal constant
JavaScript warning: https://cab-test4.skyway.capital/investment/programs?packet=390, line 3042: SyntaxError: 09 is not a legal ECMA-262 octal constant
JavaScript warning: https://cab-test4.skyway.capital/investment/pay-check, line 694: SyntaxError: 09 is not a legal ECMA-262 octal constant
JavaScript warning: https://cab-test4.skyway.capital/investment/pay-check, line 694: SyntaxError: 09 is not a legal ECMA-262 octal constant
JavaScript error: https://cab-test4.skyway.capital/investment/pay-check, line 584: TypeError: e.run is not a function
JavaScript warning: https://cab-test4.skyway.capital/investment/requirement-sign?id=86593, line 683: SyntaxError: 09 is not a legal ECMA-262 octal constant
JavaScript warning: https://cab-test4.skyway.capital/investment/requirement-sign?id=86593, line 683: SyntaxError: 08 is not a legal ECMA-262 octal constant
JavaScript warning: https://cab-test4.skyway.capital/investment/requirement-sign?id=86593, line 683: SyntaxError: 09 is not a legal ECMA-262 octal constant
JavaScript warning: https://cab-test4.skyway.capital/investment/requirement-sign?id=86593, line 683: SyntaxError: 08 is not a legal ECMA-262 octal constant
JavaScript warning: https://cab-test4.skyway.capital/investment/portfolio, line 2302: SyntaxError: 09 is not a legal ECMA-262 octal constant
JavaScript warning: https://cab-test4.skyway.capital/investment/portfolio, line 2302: SyntaxError: 09 is not a legal ECMA-262 octal constant
[Child 7136] WARNING: pipe error: 232: file c:/builds/moz2_slave/m-rel-w64-00000000000000000000/build/src/ipc/chromium/src/chrome/common/ipc_channel_win.cc, line 513
[Child 7136] ###!!! ABORT: Aborting on channel error.: file c:/builds/moz2_slave/m-rel-w64-00000000000000000000/build/src/ipc/glue/MessageChannel.cpp, line 2056
1497017790012	geckodriver	INFO	Listening on 127.0.0.1:59422
1497017790546	mozprofile::profile	INFO	Using profile path C:\Users\N068A~1.CHA\AppData\Local\Temp\rust_mozprofile.aRCZxGLgfjqN
1497017790558	geckodriver::marionette	INFO	Starting browser C:\Program Files\Mozilla Firefox\firefox.exe with args []
1497017790569	geckodriver::marionette	INFO	Connecting to Marionette on localhost:59426
1497017791990	Marionette	INFO	Listening on port 59426
JavaScript warning: https://cab-test4.skyway.capital/, line 1189: SyntaxError: 09 is not a legal ECMA-262 octal constant
JavaScript warning: https://cab-test4.skyway.capital/, line 1189: SyntaxError: 09 is not a legal ECMA-262 octal constant
JavaScript warning: https://cab-test4.skyway.capital/investment/programs?packet=390, line 3042: SyntaxError: 09 is not a legal ECMA-262 octal constant
JavaScript warning: https://cab-test4.skyway.capital/investment/programs?packet=390, line 3042: SyntaxError: 09 is not a legal ECMA-262 octal constant
JavaScript warning: https://cab-test4.skyway.capital/investment/pay-check, line 694: SyntaxError: 09 is not a legal ECMA-262 octal constant
JavaScript warning: https://cab-test4.skyway.capital/investment/pay-check, line 694: SyntaxError: 09 is not a legal ECMA-262 octal constant
JavaScript error: https://cab-test4.skyway.capital/investment/pay-check, line 584: TypeError: e.run is not a function
JavaScript warning: https://cab-test4.skyway.capital/investment/requirement-sign?id=86594, line 683: SyntaxError: 09 is not a legal ECMA-262 octal constant
JavaScript warning: https://cab-test4.skyway.capital/investment/requirement-sign?id=86594, line 683: SyntaxError: 09 is not a legal ECMA-262 octal constant
JavaScript warning: https://cab-test4.skyway.capital/investment/portfolio, line 2334: SyntaxError: 09 is not a legal ECMA-262 octal constant
JavaScript warning: https://cab-test4.skyway.capital/investment/portfolio, line 2334: SyntaxError: 09 is not a legal ECMA-262 octal constant
[Child 4032] WARNING: pipe error: 232: file c:/builds/moz2_slave/m-rel-w64-00000000000000000000/build/src/ipc/chromium/src/chrome/common/ipc_channel_win.cc, line 513

###!!! [Child][MessageChannel] Error: (msgtype=0x1040003,name=PTexture::Msg_Destroy) Channel error: cannot send/recv


###!!! [Child][MessageChannel] Error: (msgtype=0x1040003,name=PTexture::Msg_Destroy) Channel error: cannot send/recv


###!!! [Child][MessageChannel] Error: (msgtype=0x420003,name=PCompositable::Msg_Destroy) Channel error: cannot send/recv


###!!! [Child][MessageChannel] Error: (msgtype=0x420003,name=PCompositable::Msg_Destroy) Channel error: cannot send/recv


###!!! [Child][MessageChannel] Error: (msgtype=0x420003,name=PCompositable::Msg_Destroy) Channel error: cannot send/recv


###!!! [Child][MessageChannel] Error: (msgtype=0x1040003,name=PTexture::Msg_Destroy) Channel error: cannot send/recv


###!!! [Child][MessageChannel] Error: (msgtype=0x1040003,name=PTexture::Msg_Destroy) Channel error: cannot send/recv


###!!! [Child][MessageChannel] Error: (msgtype=0x420003,name=PCompositable::Msg_Destroy) Channel error: cannot send/recv


###!!! [Child][MessageChannel] Error: (msgtype=0x420003,name=PCompositable::Msg_Destroy) Channel error: cannot send/recv


###!!! [Child][MessageChannel] Error: (msgtype=0x420003,name=PCompositable::Msg_Destroy) Channel error: cannot send/recv


###!!! [Child][MessageChannel] Error: (msgtype=0x1040003,name=PTexture::Msg_Destroy) Channel error: cannot send/recv


###!!! [Child][MessageChannel] Error: (msgtype=0x1040003,name=PTexture::Msg_Destroy) Channel error: cannot send/recv


###!!! [Child][MessageChannel] Error: (msgtype=0x1040003,name=PTexture::Msg_Destroy) Channel error: cannot send/recv


###!!! [Child][MessageChannel] Error: (msgtype=0x1040003,name=PTexture::Msg_Destroy) Channel error: cannot send/recv


###!!! [Child][MessageChannel] Error: (msgtype=0x420003,name=PCompositable::Msg_Destroy) Channel error: cannot send/recv


###!!! [Child][MessageChannel] Error: (msgtype=0x1040003,name=PTexture::Msg_Destroy) Channel error: cannot send/recv


###!!! [Child][MessageChannel] Error: (msgtype=0x1040003,name=PTexture::Msg_Destroy) Channel error: cannot send/recv


###!!! [Child][MessageChannel] Error: (msgtype=0x420003,name=PCompositable::Msg_Destroy) Channel error: cannot send/recv


###!!! [Child][MessageChannel] Error: (msgtype=0x1040003,name=PTexture::Msg_Destroy) Channel error: cannot send/recv


###!!! [Child][MessageChannel] Error: (msgtype=0x1040003,name=PTexture::Msg_Destroy) Channel error: cannot send/recv


###!!! [Child][MessageChannel] Error: (msgtype=0x420003,name=PCompositable::Msg_Destroy) Channel error: cannot send/recv


###!!! [Child][MessageChannel] Error: (msgtype=0x1040003,name=PTexture::Msg_Destroy) Channel error: cannot send/recv


###!!! [Child][MessageChannel] Error: (msgtype=0x1040003,name=PTexture::Msg_Destroy) Channel error: cannot send/recv


###!!! [Child][MessageChannel] Error: (msgtype=0x420003,name=PCompositable::Msg_Destroy) Channel error: cannot send/recv


###!!! [Child][MessageChannel] Error: (msgtype=0x1040003,name=PTexture::Msg_Destroy) Channel error: cannot send/recv


###!!! [Child][MessageChannel] Error: (msgtype=0x1040003,name=PTexture::Msg_Destroy) Channel error: cannot send/recv


###!!! [Child][MessageChannel] Error: (msgtype=0x1040003,name=PTexture::Msg_Destroy) Channel error: cannot send/recv


###!!! [Child][MessageChannel] Error: (msgtype=0x1040003,name=PTexture::Msg_Destroy) Channel error: cannot send/recv


###!!! [Child][MessageChannel] Error: (msgtype=0x420003,name=PCompositable::Msg_Destroy) Channel error: cannot send/recv


###!!! [Child][MessageChannel] Error: (msgtype=0x1040003,name=PTexture::Msg_Destroy) Channel error: cannot send/recv


###!!! [Child][MessageChannel] Error: (msgtype=0x1040003,name=PTexture::Msg_Destroy) Channel error: cannot send/recv


###!!! [Child][MessageChannel] Error: (msgtype=0x420003,name=PCompositable::Msg_Destroy) Channel error: cannot send/recv


###!!! [Child][MessageChannel] Error: (msgtype=0x420003,name=PCompositable::Msg_Destroy) Channel error: cannot send/recv

[GFX1-]: Receive IPC close with reason=AbnormalShutdown
[Child 4032] WARNING: pipe error: 232: file c:/builds/moz2_slave/m-rel-w64-00000000000000000000/build/src/ipc/chromium/src/chrome/common/ipc_channel_win.cc, line 513
[Child 4032] ###!!! ABORT: Aborting on channel error.: file c:/builds/moz2_slave/m-rel-w64-00000000000000000000/build/src/ipc/glue/MessageChannel.cpp, line 2056
1497017942778	geckodriver	INFO	Listening on 127.0.0.1:59583
1497017943327	mozprofile::profile	INFO	Using profile path C:\Users\N068A~1.CHA\AppData\Local\Temp\rust_mozprofile.MjtwV6aylQqg
1497017943337	geckodriver::marionette	INFO	Starting browser C:\Program Files\Mozilla Firefox\firefox.exe with args []
1497017943349	geckodriver::marionette	INFO	Connecting to Marionette on localhost:59587
1497017944926	Marionette	INFO	Listening on port 59587
JavaScript warning: https://cab-test4.skyway.capital/, line 1189: SyntaxError: 09 is not a legal ECMA-262 octal constant
JavaScript warning: https://cab-test4.skyway.capital/, line 1189: SyntaxError: 09 is not a legal ECMA-262 octal constant
JavaScript warning: https://cab-test4.skyway.capital/investment/programs?packet=390, line 3042: SyntaxError: 09 is not a legal ECMA-262 octal constant
JavaScript warning: https://cab-test4.skyway.capital/investment/programs?packet=390, line 3042: SyntaxError: 09 is not a legal ECMA-262 octal constant
JavaScript warning: https://cab-test4.skyway.capital/investment/pay-check, line 694: SyntaxError: 09 is not a legal ECMA-262 octal constant
JavaScript warning: https://cab-test4.skyway.capital/investment/pay-check, line 694: SyntaxError: 09 is not a legal ECMA-262 octal constant
JavaScript error: https://cab-test4.skyway.capital/investment/pay-check, line 584: TypeError: e.run is not a function
JavaScript warning: https://cab-test4.skyway.capital/investment/requirement-sign?id=86595, line 683: SyntaxError: 09 is not a legal ECMA-262 octal constant
JavaScript warning: https://cab-test4.skyway.capital/investment/requirement-sign?id=86595, line 683: SyntaxError: 09 is not a legal ECMA-262 octal constant
JavaScript warning: https://cab-test4.skyway.capital/investment/portfolio, line 2366: SyntaxError: 09 is not a legal ECMA-262 octal constant
JavaScript warning: https://cab-test4.skyway.capital/investment/portfolio, line 2366: SyntaxError: 09 is not a legal ECMA-262 octal constant
[Child 10508] ###!!! ABORT: Aborting on channel error.: file c:/builds/moz2_slave/m-rel-w64-00000000000000000000/build/src/ipc/glue/MessageChannel.cpp, line 2056
1497018127334	geckodriver	INFO	Listening on 127.0.0.1:59731
1497018127873	mozprofile::profile	INFO	Using profile path C:\Users\N068A~1.CHA\AppData\Local\Temp\rust_mozprofile.A7wR7ye5X3ZA
1497018127884	geckodriver::marionette	INFO	Starting browser C:\Program Files\Mozilla Firefox\firefox.exe with args []
1497018127896	geckodriver::marionette	INFO	Connecting to Marionette on localhost:59735
1497018129451	Marionette	INFO	Listening on port 59735
JavaScript warning: https://cab-test4.skyway.capital/, line 1189: SyntaxError: 09 is not a legal ECMA-262 octal constant
JavaScript warning: https://cab-test4.skyway.capital/, line 1189: SyntaxError: 09 is not a legal ECMA-262 octal constant
JavaScript warning: https://cab-test4.skyway.capital/investment/programs?packet=390, line 3042: SyntaxError: 09 is not a legal ECMA-262 octal constant
JavaScript warning: https://cab-test4.skyway.capital/investment/programs?packet=390, line 3042: SyntaxError: 09 is not a legal ECMA-262 octal constant
JavaScript warning: https://cab-test4.skyway.capital/investment/pay-check, line 694: SyntaxError: 09 is not a legal ECMA-262 octal constant
JavaScript warning: https://cab-test4.skyway.capital/investment/pay-check, line 694: SyntaxError: 09 is not a legal ECMA-262 octal constant
JavaScript error: https://cab-test4.skyway.capital/investment/pay-check, line 584: TypeError: e.run is not a function
JavaScript warning: https://cab-test4.skyway.capital/investment/requirement-sign?id=86596, line 683: SyntaxError: 09 is not a legal ECMA-262 octal constant
JavaScript warning: https://cab-test4.skyway.capital/investment/requirement-sign?id=86596, line 683: SyntaxError: 09 is not a legal ECMA-262 octal constant
JavaScript warning: https://cab-test4.skyway.capital/investment/portfolio, line 2398: SyntaxError: 09 is not a legal ECMA-262 octal constant
JavaScript warning: https://cab-test4.skyway.capital/investment/portfolio, line 2398: SyntaxError: 09 is not a legal ECMA-262 octal constant
JavaScript warning: https://cab-test4.skyway.capital/, line 1189: SyntaxError: 09 is not a legal ECMA-262 octal constant
JavaScript warning: https://cab-test4.skyway.capital/, line 1189: SyntaxError: 09 is not a legal ECMA-262 octal constant
[Child 5292] WARNING: pipe error: 232: file c:/builds/moz2_slave/m-rel-w64-00000000000000000000/build/src/ipc/chromium/src/chrome/common/ipc_channel_win.cc, line 513
[Child 5292] ###!!! ABORT: Aborting on channel error.: file c:/builds/moz2_slave/m-rel-w64-00000000000000000000/build/src/ipc/glue/MessageChannel.cpp, line 2056
